{"/Users/jnap/Projects/Web/viewty/src/components/ActionButton.vue": {"path":"/Users/jnap/Projects/Web/viewty/src/components/ActionButton.vue","statementMap":{"0":{"start":{"line":3,"column":0},"end":{"line":5,"column":3}},"1":{"start":{"line":6,"column":12},"end":{"line":6,"column":26}},"2":{"start":{"line":7,"column":0},"end":{"line":14,"column":3}},"3":{"start":{"line":11,"column":6},"end":{"line":11,"column":29}},"4":{"start":{"line":23,"column":0},"end":{"line":23,"column":13}},"5":{"start":{"line":24,"column":0},"end":{"line":24,"column":62}},"6":{"start":{"line":25,"column":0},"end":{"line":25,"column":24}},"7":{"start":{"line":26,"column":12},"end":{"line":26,"column":26}},"8":{"start":{"line":28,"column":4},"end":{"line":39,"column":21}},"9":{"start":{"line":32,"column":27},"end":{"line":32,"column":29}},"10":{"start":{"line":33,"column":16},"end":{"line":35,"column":17}},"11":{"start":{"line":33,"column":30},"end":{"line":33,"column":31}},"12":{"start":{"line":34,"column":20},"end":{"line":34,"column":45}},"13":{"start":{"line":36,"column":16},"end":{"line":36,"column":80}},"14":{"start":{"line":41,"column":0},"end":{"line":41,"column":24}},"15":{"start":{"line":42,"column":1},"end":{"line":42,"column":48}}},"fnMap":{"0":{"name":"(anonymous_0)","decl":{"start":{"line":10,"column":17},"end":{"line":10,"column":18}},"loc":{"start":{"line":10,"column":29},"end":{"line":12,"column":5}},"line":10},"1":{"name":"render","decl":{"start":{"line":27,"column":9},"end":{"line":27,"column":15}},"loc":{"start":{"line":27,"column":30},"end":{"line":40,"column":1}},"line":27},"2":{"name":"(anonymous_2)","decl":{"start":{"line":31,"column":12},"end":{"line":31,"column":13}},"loc":{"start":{"line":31,"column":24},"end":{"line":37,"column":13}},"line":31}},"branchMap":{"0":{"loc":{"start":{"line":29,"column":17},"end":{"line":37,"column":14}},"type":"binary-expr","locations":[{"start":{"line":29,"column":17},"end":{"line":29,"column":26}},{"start":{"line":29,"column":31},"end":{"line":37,"column":13}}],"line":29},"1":{"loc":{"start":{"line":36,"column":24},"end":{"line":36,"column":78}},"type":"binary-expr","locations":[{"start":{"line":36,"column":24},"end":{"line":36,"column":40}},{"start":{"line":36,"column":44},"end":{"line":36,"column":78}}],"line":36}},"s":{"0":1,"1":1,"2":1,"3":1,"4":1,"5":1,"6":1,"7":1,"8":4,"9":1,"10":1,"11":1,"12":1,"13":1,"14":1,"15":1},"f":{"0":1,"1":4,"2":1},"b":{"0":[4,4],"1":[1,1]},"inputSourceMap":{"0":"{","1":"\"","2":"v","3":"e","4":"r","5":"s","6":"i","7":"o","8":"n","9":"\"","10":":","11":"3","12":",","13":"\"","14":"s","15":"o","16":"u","17":"r","18":"c","19":"e","20":"s","21":"\"","22":":","23":"[","24":"\"","25":"/","26":"U","27":"s","28":"e","29":"r","30":"s","31":"/","32":"j","33":"n","34":"a","35":"p","36":"/","37":"P","38":"r","39":"o","40":"j","41":"e","42":"c","43":"t","44":"s","45":"/","46":"W","47":"e","48":"b","49":"/","50":"v","51":"i","52":"e","53":"w","54":"t","55":"y","56":"/","57":"s","58":"r","59":"c","60":"/","61":"c","62":"o","63":"m","64":"p","65":"o","66":"n","67":"e","68":"n","69":"t","70":"s","71":"/","72":"A","73":"c","74":"t","75":"i","76":"o","77":"n","78":"B","79":"u","80":"t","81":"t","82":"o","83":"n","84":".","85":"v","86":"u","87":"e","88":"\"","89":"]","90":",","91":"\"","92":"n","93":"a","94":"m","95":"e","96":"s","97":"\"","98":":","99":"[","100":"]","101":",","102":"\"","103":"m","104":"a","105":"p","106":"p","107":"i","108":"n","109":"g","110":"s","111":"\"","112":":","113":"\"","114":";","115":";","116":";","117":";","118":";","119":"A","120":"A","121":"U","122":"A","123":";","124":"A","125":"A","126":"E","127":"A","128":",","129":"k","130":"B","131":"A","132":"A","133":"e","134":",","135":"y","136":"B","137":"A","138":"A","139":"e","140":",","141":"E","142":"A","143":"A","144":"C","145":";","146":"E","147":"A","148":"C","149":"7","150":"B","151":",","152":"I","153":"A","154":"A","155":"I","156":",","157":"E","158":"A","159":"A","160":"E","161":",","162":"c","163":"A","164":"A","165":"c","166":";","167":"E","168":"A","169":"C","170":"p","171":"B","172":",","173":"O","174":"A","175":"A","176":"O","177":",","178":"E","179":"A","180":"A","181":"E","182":";","183":"I","184":"A","185":"C","186":"P","187":",","188":"W","189":"A","190":"A","191":"W","192":";","193":"M","194":"A","195":"C","196":"T","197":",","198":"O","199":"A","200":"A","201":"O","202":",","203":"C","204":"A","205":"A","206":"C","207":",","208":"G","209":"A","210":"A","211":"G","212":",","213":"C","214":"A","215":"A","216":"C","217":",","218":"S","219":"A","220":"A","221":"S","222":",","223":"C","224":"A","225":"A","226":"C","227":";","228":"I","229":"A","230":"C","231":"x","232":"B","233":";","234":";","235":"C","236":"A","237":"E","238":"H","239":",","240":"C","241":"A","242":"A","243":"C","244":";","245":"A","246":"A","247":"C","248":"F","249":";","250":"A","251":"A","252":"C","253":"A","254":";","255":"A","256":"A","257":"C","258":"A","259":";","260":"A","261":"A","262":"C","263":"A","264":";","265":"A","266":"A","267":"C","268":"A","269":";","270":"A","271":"A","272":"C","273":"A","274":";","275":"A","276":"A","277":"C","278":"A","279":";","280":"A","281":"A","282":"C","283":"A","284":"\"","285":",","286":"\"","287":"f","288":"i","289":"l","290":"e","291":"\"","292":":","293":"\"","294":"/","295":"U","296":"s","297":"e","298":"r","299":"s","300":"/","301":"j","302":"n","303":"a","304":"p","305":"/","306":"P","307":"r","308":"o","309":"j","310":"e","311":"c","312":"t","313":"s","314":"/","315":"W","316":"e","317":"b","318":"/","319":"v","320":"i","321":"e","322":"w","323":"t","324":"y","325":"/","326":"s","327":"r","328":"c","329":"/","330":"c","331":"o","332":"m","333":"p","334":"o","335":"n","336":"e","337":"n","338":"t","339":"s","340":"/","341":"A","342":"c","343":"t","344":"i","345":"o","346":"n","347":"B","348":"u","349":"t","350":"t","351":"o","352":"n","353":".","354":"v","355":"u","356":"e","357":"\"","358":",","359":"\"","360":"s","361":"o","362":"u","363":"r","364":"c","365":"e","366":"s","367":"C","368":"o","369":"n","370":"t","371":"e","372":"n","373":"t","374":"\"","375":":","376":"[","377":"\"","378":"<","379":"t","380":"e","381":"m","382":"p","383":"l","384":"a","385":"t","386":"e","387":">","388":"\\","389":"n","390":" ","391":" ","392":"<","393":"b","394":"u","395":"t","396":"t","397":"o","398":"n","399":"\\","400":"n","401":" ","402":" ","403":" ","404":" ","405":"@","406":"c","407":"l","408":"i","409":"c","410":"k","411":"=","412":"\\","413":"\"","414":"h","415":"a","416":"n","417":"d","418":"l","419":"e","420":"C","421":"l","422":"i","423":"c","424":"k","425":"\\","426":"\"","427":"\\","428":"n","429":" ","430":" ","431":" ","432":" ","433":"c","434":"l","435":"a","436":"s","437":"s","438":"=","439":"\\","440":"\"","441":"p","442":"x","443":"-","444":"5","445":" ","446":"f","447":"o","448":"n","449":"t","450":"-","451":"m","452":"e","453":"d","454":"i","455":"u","456":"m","457":" ","458":"t","459":"e","460":"x","461":"t","462":"-","463":"w","464":"h","465":"i","466":"t","467":"e","468":" ","469":"b","470":"o","471":"r","472":"d","473":"e","474":"r","475":"-","476":"0","477":" ","478":"r","479":"o","480":"u","481":"n","482":"d","483":"e","484":"d","485":" ","486":"b","487":"g","488":"-","489":"b","490":"l","491":"a","492":"c","493":"k","494":" ","495":"h","496":"-","497":"1","498":"0","499":" ","500":"h","501":"o","502":"v","503":"e","504":"r","505":":","506":"s","507":"h","508":"a","509":"d","510":"o","511":"w","512":"-","513":"w","514":"h","515":"i","516":"t","517":"e","518":"\\","519":"\"","520":"\\","521":"n","522":" ","523":" ","524":">","525":"\\","526":"n","527":" ","528":" ","529":" ","530":" ","531":"S","532":"i","533":"g","534":"n","535":" ","536":"I","537":"n","538":"\\","539":"n","540":" ","541":" ","542":"<","543":"/","544":"b","545":"u","546":"t","547":"t","548":"o","549":"n","550":">","551":"\\","552":"n","553":"<","554":"/","555":"t","556":"e","557":"m","558":"p","559":"l","560":"a","561":"t","562":"e","563":">","564":"\\","565":"n","566":"\\","567":"n","568":"<","569":"s","570":"c","571":"r","572":"i","573":"p","574":"t","575":" ","576":"l","577":"a","578":"n","579":"g","580":"=","581":"\\","582":"\"","583":"t","584":"s","585":"\\","586":"\"","587":">","588":"\\","589":"n","590":"i","591":"m","592":"p","593":"o","594":"r","595":"t","596":" ","597":"{","598":" ","599":"d","600":"e","601":"f","602":"i","603":"n","604":"e","605":"C","606":"o","607":"m","608":"p","609":"o","610":"n","611":"e","612":"n","613":"t","614":" ","615":"}","616":" ","617":"f","618":"r","619":"o","620":"m","621":" ","622":"\\","623":"\"","624":"v","625":"u","626":"e","627":"\\","628":"\"","629":";","630":"\\","631":"n","632":"\\","633":"n","634":"e","635":"x","636":"p","637":"o","638":"r","639":"t","640":" ","641":"d","642":"e","643":"f","644":"a","645":"u","646":"l","647":"t","648":" ","649":"d","650":"e","651":"f","652":"i","653":"n","654":"e","655":"C","656":"o","657":"m","658":"p","659":"o","660":"n","661":"e","662":"n","663":"t","664":"(","665":"{","666":"\\","667":"n","668":" ","669":" ","670":"n","671":"a","672":"m","673":"e","674":":","675":" ","676":"\\","677":"\"","678":"A","679":"c","680":"t","681":"i","682":"o","683":"n","684":"B","685":"u","686":"t","687":"t","688":"o","689":"n","690":"\\","691":"\"","692":",","693":"\\","694":"n","695":" ","696":" ","697":"m","698":"e","699":"t","700":"h","701":"o","702":"d","703":"s","704":":","705":" ","706":"{","707":"\\","708":"n","709":" ","710":" ","711":" ","712":" ","713":"h","714":"a","715":"n","716":"d","717":"l","718":"e","719":"C","720":"l","721":"i","722":"c","723":"k","724":"(","725":")","726":" ","727":"{","728":"\\","729":"n","730":" ","731":" ","732":" ","733":" ","734":" ","735":" ","736":"c","737":"o","738":"n","739":"s","740":"o","741":"l","742":"e","743":".","744":"l","745":"o","746":"g","747":"(","748":"\\","749":"\"","750":"C","751":"L","752":"i","753":"c","754":"k","755":"e","756":"d","757":"\\","758":"\"","759":")","760":";","761":"\\","762":"n","763":" ","764":" ","765":" ","766":" ","767":"}","768":",","769":"\\","770":"n","771":" ","772":" ","773":"}","774":",","775":"\\","776":"n","777":"}","778":")","779":";","780":"\\","781":"n","782":"/","783":"/","784":" ","785":"e","786":"x","787":"p","788":"o","789":"r","790":"t","791":" ","792":"d","793":"e","794":"f","795":"a","796":"u","797":"l","798":"t","799":" ","800":"{","801":"\\","802":"n","803":"/","804":"/","805":" ","806":" ","807":" ","808":"n","809":"a","810":"m","811":"e","812":":","813":" ","814":"\\","815":"\"","816":"A","817":"c","818":"t","819":"i","820":"o","821":"n","822":"B","823":"u","824":"t","825":"t","826":"o","827":"n","828":"\\","829":"\"","830":",","831":"\\","832":"n","833":"/","834":"/","835":" ","836":" ","837":" ","838":"m","839":"e","840":"t","841":"h","842":"o","843":"d","844":"s","845":":","846":" ","847":"{","848":"\\","849":"n","850":"/","851":"/","852":" ","853":" ","854":" ","855":" ","856":" ","857":"h","858":"a","859":"n","860":"d","861":"l","862":"e","863":"C","864":"l","865":"i","866":"c","867":"k","868":"(","869":")","870":" ","871":"{","872":"\\","873":"n","874":"/","875":"/","876":" ","877":" ","878":" ","879":" ","880":" ","881":" ","882":" ","883":"c","884":"o","885":"n","886":"s","887":"o","888":"l","889":"e","890":".","891":"l","892":"o","893":"g","894":"(","895":"\\","896":"\"","897":"C","898":"l","899":"i","900":"c","901":"k","902":"e","903":"d","904":"\\","905":"\"","906":")","907":";","908":"\\","909":"n","910":"/","911":"/","912":" ","913":" ","914":" ","915":" ","916":" ","917":"}","918":",","919":"\\","920":"n","921":"/","922":"/","923":" ","924":" ","925":" ","926":"}","927":",","928":"\\","929":"n","930":"/","931":"/","932":" ","933":"}","934":";","935":"\\","936":"n","937":"<","938":"/","939":"s","940":"c","941":"r","942":"i","943":"p","944":"t","945":">","946":"\\","947":"n","948":"\"","949":"]","950":"}"},"_coverageSchema":"1a1c01bbd47fc00a2c39e90264f33305004495a9","hash":"2184bd7cbda395ac606130b1e798244920e6aa5f"}
,"/Users/jnap/Projects/Web/viewty/src/components/MainNavigation.vue": {"path":"/Users/jnap/Projects/Web/viewty/src/components/MainNavigation.vue","statementMap":{"0":{"start":{"line":3,"column":22},"end":{"line":7,"column":1}},"1":{"start":{"line":4,"column":2},"end":{"line":6,"column":4}},"2":{"start":{"line":8,"column":0},"end":{"line":10,"column":3}},"3":{"start":{"line":11,"column":12},"end":{"line":11,"column":26}},"4":{"start":{"line":12,"column":25},"end":{"line":12,"column":82}},"5":{"start":{"line":13,"column":25},"end":{"line":13,"column":82}},"6":{"start":{"line":14,"column":0},"end":{"line":36,"column":3}},"7":{"start":{"line":21,"column":4},"end":{"line":26,"column":6}},"8":{"start":{"line":30,"column":6},"end":{"line":30,"column":29}},"9":{"start":{"line":33,"column":6},"end":{"line":33,"column":30}},"10":{"start":{"line":37,"column":0},"end":{"line":37,"column":13}},"11":{"start":{"line":38,"column":0},"end":{"line":38,"column":62}},"12":{"start":{"line":39,"column":0},"end":{"line":39,"column":24}},"13":{"start":{"line":40,"column":12},"end":{"line":40,"column":26}},"14":{"start":{"line":41,"column":17},"end":{"line":41,"column":44}},"15":{"start":{"line":42,"column":17},"end":{"line":42,"column":69}},"16":{"start":{"line":43,"column":17},"end":{"line":43,"column":108}},"17":{"start":{"line":44,"column":17},"end":{"line":44,"column":25}},"18":{"start":{"line":45,"column":17},"end":{"line":45,"column":42}},"19":{"start":{"line":46,"column":17},"end":{"line":46,"column":59}},"20":{"start":{"line":47,"column":17},"end":{"line":47,"column":62}},"21":{"start":{"line":49,"column":34},"end":{"line":49,"column":77}},"22":{"start":{"line":50,"column":34},"end":{"line":50,"column":77}},"23":{"start":{"line":51,"column":4},"end":{"line":84,"column":8}},"24":{"start":{"line":61,"column":28},"end":{"line":65,"column":84}},"25":{"start":{"line":86,"column":0},"end":{"line":86,"column":24}},"26":{"start":{"line":87,"column":1},"end":{"line":87,"column":48}}},"fnMap":{"0":{"name":"(anonymous_0)","decl":{"start":{"line":3,"column":54},"end":{"line":3,"column":55}},"loc":{"start":{"line":3,"column":69},"end":{"line":7,"column":1}},"line":3},"1":{"name":"(anonymous_1)","decl":{"start":{"line":20,"column":8},"end":{"line":20,"column":9}},"loc":{"start":{"line":20,"column":20},"end":{"line":27,"column":3}},"line":20},"2":{"name":"(anonymous_2)","decl":{"start":{"line":29,"column":15},"end":{"line":29,"column":16}},"loc":{"start":{"line":29,"column":27},"end":{"line":31,"column":5}},"line":29},"3":{"name":"(anonymous_3)","decl":{"start":{"line":32,"column":16},"end":{"line":32,"column":17}},"loc":{"start":{"line":32,"column":28},"end":{"line":34,"column":5}},"line":32},"4":{"name":"render","decl":{"start":{"line":48,"column":9},"end":{"line":48,"column":15}},"loc":{"start":{"line":48,"column":30},"end":{"line":85,"column":1}},"line":48},"5":{"name":"(anonymous_5)","decl":{"start":{"line":60,"column":143},"end":{"line":60,"column":144}},"loc":{"start":{"line":60,"column":170},"end":{"line":66,"column":25}},"line":60}},"branchMap":{"0":{"loc":{"start":{"line":3,"column":22},"end":{"line":7,"column":1}},"type":"binary-expr","locations":[{"start":{"line":3,"column":22},"end":{"line":3,"column":26}},{"start":{"line":3,"column":30},"end":{"line":3,"column":50}},{"start":{"line":3,"column":54},"end":{"line":7,"column":1}}],"line":3},"1":{"loc":{"start":{"line":4,"column":9},"end":{"line":6,"column":3}},"type":"cond-expr","locations":[{"start":{"line":4,"column":33},"end":{"line":4,"column":36}},{"start":{"line":4,"column":39},"end":{"line":6,"column":3}}],"line":4},"2":{"loc":{"start":{"line":4,"column":9},"end":{"line":4,"column":30}},"type":"binary-expr","locations":[{"start":{"line":4,"column":9},"end":{"line":4,"column":12}},{"start":{"line":4,"column":16},"end":{"line":4,"column":30}}],"line":4},"3":{"loc":{"start":{"line":70,"column":20},"end":{"line":80,"column":61}},"type":"cond-expr","locations":[{"start":{"line":71,"column":27},"end":{"line":75,"column":60}},{"start":{"line":76,"column":27},"end":{"line":80,"column":60}}],"line":70}},"s":{"0":1,"1":2,"2":1,"3":1,"4":1,"5":1,"6":1,"7":4,"8":1,"9":0,"10":1,"11":1,"12":1,"13":1,"14":1,"15":1,"16":1,"17":1,"18":1,"19":1,"20":1,"21":5,"22":5,"23":5,"24":30,"25":1,"26":1},"f":{"0":2,"1":4,"2":1,"3":0,"4":5,"5":30},"b":{"0":[1,1,1],"1":[2,0],"2":[2,2],"3":[1,4]},"inputSourceMap":{"0":"{","1":"\"","2":"v","3":"e","4":"r","5":"s","6":"i","7":"o","8":"n","9":"\"","10":":","11":"3","12":",","13":"\"","14":"s","15":"o","16":"u","17":"r","18":"c","19":"e","20":"s","21":"\"","22":":","23":"[","24":"\"","25":"/","26":"U","27":"s","28":"e","29":"r","30":"s","31":"/","32":"j","33":"n","34":"a","35":"p","36":"/","37":"P","38":"r","39":"o","40":"j","41":"e","42":"c","43":"t","44":"s","45":"/","46":"W","47":"e","48":"b","49":"/","50":"v","51":"i","52":"e","53":"w","54":"t","55":"y","56":"/","57":"s","58":"r","59":"c","60":"/","61":"c","62":"o","63":"m","64":"p","65":"o","66":"n","67":"e","68":"n","69":"t","70":"s","71":"/","72":"M","73":"a","74":"i","75":"n","76":"N","77":"a","78":"v","79":"i","80":"g","81":"a","82":"t","83":"i","84":"o","85":"n","86":".","87":"v","88":"u","89":"e","90":"\"","91":"]","92":",","93":"\"","94":"n","95":"a","96":"m","97":"e","98":"s","99":"\"","100":":","101":"[","102":"]","103":",","104":"\"","105":"m","106":"a","107":"p","108":"p","109":"i","110":"n","111":"g","112":"s","113":"\"","114":":","115":"\"","116":";","117":";","118":";","119":";","120":";","121":";","122":";","123":";","124":";","125":";","126":"A","127":"A","128":"o","129":"C","130":"A","131":";","132":"A","133":"A","134":"C","135":"A","136":";","137":"A","138":"A","139":"C","140":"A","141":";","142":"A","143":"A","144":"E","145":"A","146":",","147":"k","148":"B","149":"A","150":"A","151":"e","152":",","153":"y","154":"B","155":"A","156":"A","157":"e","158":",","159":"E","160":"A","161":"A","162":"C","163":";","164":"E","165":"A","166":"C","167":"7","168":"B","169":",","170":"I","171":"A","172":"A","173":"I","174":",","175":"E","176":"A","177":"A","178":"E","179":",","180":"g","181":"B","182":"A","183":"A","184":"g","185":"B","186":";","187":"E","188":"A","189":"C","190":"t","191":"B","192":",","193":"U","194":"A","195":"A","196":"U","197":",","198":"E","199":"A","200":"A","201":"E","202":";","203":"I","204":"A","205":"C","206":"V","207":",","208":"Y","209":"A","210":"A","211":"Y","212":";","213":"I","214":"A","215":"C","216":"Z","217":",","218":"Y","219":"A","220":"A","221":"Y","222":";","223":"G","224":"A","225":"C","226":"b","227":";","228":"E","229":"A","230":"C","231":"D","232":",","233":"I","234":"A","235":"A","236":"I","237":";","238":"I","239":"A","240":"C","241":"F","242":",","243":"O","244":"A","245":"A","246":"O","247":";","248":"M","249":"A","250":"C","251":"L","252":",","253":"O","254":"A","255":"A","256":"O","257":",","258":"E","259":"A","260":"A","261":"E","262":",","263":"Q","264":"A","265":"A","266":"Q","267":";","268":"M","269":"A","270":"C","271":"j","272":"B","273":",","274":"O","275":"A","276":"A","277":"O","278":",","279":"E","280":"A","281":"A","282":"E","283":",","284":"i","285":"C","286":"A","287":"A","288":"i","289":"C","290":";","291":"M","292":"A","293":"C","294":"1","295":"C","296":",","297":"U","298":"A","299":"A","300":"U","301":",","302":"E","303":"A","304":"A","305":"E","306":",","307":"K","308":"A","309":"A","310":"K","311":";","312":"M","313":"A","314":"C","315":"j","316":"B","317":",","318":"S","319":"A","320":"A","321":"S","322":",","323":"E","324":"A","325":"A","326":"E","327":",","328":"C","329":"A","330":"C","331":"T","332":",","333":"O","334":"A","335":"A","336":"O","337":",","338":"E","339":"A","340":"C","341":"P","342":",","343":"W","344":"A","345":"A","346":"W","347":",","348":"E","349":"A","350":"C","351":"X","352":",","353":"g","354":"B","355":"A","356":"A","357":"g","358":"B","359":",","360":"E","361":"A","362":"C","363":"h","364":"B","365":",","366":"a","367":"A","368":"A","369":"a","370":",","371":"E","372":"A","373":"C","374":"b","375":",","376":"U","377":"A","378":"A","379":"U","380":",","381":"E","382":"A","383":"C","384":"V","385":",","386":"M","387":"A","388":"A","389":"M","390":";","391":"K","392":"A","393":"E","394":"T","395":";","396":"E","397":"A","398":"C","399":"H","400":",","401":"C","402":"A","403":"A","404":"C","405":";","406":"E","407":"A","408":"C","409":"D","410":",","411":"O","412":"A","413":"A","414":"O","415":",","416":"E","417":"A","418":"A","419":"E","420":";","421":"I","422":"A","423":"C","424":"P","425":",","426":"S","427":"A","428":"A","429":"S","430":";","431":"M","432":"A","433":"C","434":"P","435":",","436":"I","437":"A","438":"A","439":"I","440":",","441":"C","442":"A","443":"A","444":"C","445":",","446":"U","447":"A","448":"A","449":"U","450":",","451":"G","452":"A","453":"A","454":"G","455":",","456":"I","457":"A","458":"A","459":"I","460":";","461":"I","462":"A","463":"C","464":"x","465":"B","466":",","467":"C","468":"A","469":"A","470":"C","471":";","472":"I","473":"A","474":"C","475":"D","476":",","477":"U","478":"A","479":"A","480":"U","481":";","482":"M","483":"A","484":"C","485":"R","486":",","487":"I","488":"A","489":"A","490":"I","491":",","492":"C","493":"A","494":"A","495":"C","496":",","497":"U","498":"A","499":"A","500":"U","501":",","502":"G","503":"A","504":"A","505":"G","506":",","507":"K","508":"A","509":"A","510":"K","511":";","512":"I","513":"A","514":"C","515":"z","516":"B","517":";","518":";","519":"C","520":"A","521":"E","522":"H","523":",","524":"C","525":"A","526":"A","527":"C","528":"\"","529":",","530":"\"","531":"f","532":"i","533":"l","534":"e","535":"\"","536":":","537":"\"","538":"/","539":"U","540":"s","541":"e","542":"r","543":"s","544":"/","545":"j","546":"n","547":"a","548":"p","549":"/","550":"P","551":"r","552":"o","553":"j","554":"e","555":"c","556":"t","557":"s","558":"/","559":"W","560":"e","561":"b","562":"/","563":"v","564":"i","565":"e","566":"w","567":"t","568":"y","569":"/","570":"s","571":"r","572":"c","573":"/","574":"c","575":"o","576":"m","577":"p","578":"o","579":"n","580":"e","581":"n","582":"t","583":"s","584":"/","585":"M","586":"a","587":"i","588":"n","589":"N","590":"a","591":"v","592":"i","593":"g","594":"a","595":"t","596":"i","597":"o","598":"n","599":".","600":"v","601":"u","602":"e","603":"\"","604":",","605":"\"","606":"s","607":"o","608":"u","609":"r","610":"c","611":"e","612":"s","613":"C","614":"o","615":"n","616":"t","617":"e","618":"n","619":"t","620":"\"","621":":","622":"[","623":"\"","624":"<","625":"t","626":"e","627":"m","628":"p","629":"l","630":"a","631":"t","632":"e","633":">","634":"\\","635":"n","636":" ","637":" ","638":"<","639":"h","640":"e","641":"a","642":"d","643":"e","644":"r","645":" ","646":"c","647":"l","648":"a","649":"s","650":"s","651":"=","652":"\\","653":"\"","654":"w","655":"-","656":"f","657":"u","658":"l","659":"l","660":" ","661":"t","662":"e","663":"x","664":"t","665":"-","666":"s","667":"m","668":"\\","669":"\"","670":">","671":"\\","672":"n","673":" ","674":" ","675":" ","676":" ","677":"<","678":"d","679":"i","680":"v","681":" ","682":"c","683":"l","684":"a","685":"s","686":"s","687":"=","688":"\\","689":"\"","690":"f","691":"i","692":"x","693":"e","694":"d","695":" ","696":"t","697":"o","698":"p","699":"-","700":"0","701":" ","702":"l","703":"e","704":"f","705":"t","706":"-","707":"0","708":" ","709":"w","710":"-","711":"f","712":"u","713":"l","714":"l","715":" ","716":"h","717":"-","718":"1","719":"6","720":" ","721":"b","722":"g","723":"-","724":"w","725":"h","726":"i","727":"t","728":"e","729":"\\","730":"\"","731":">","732":"\\","733":"n","734":" ","735":" ","736":" ","737":" ","738":" ","739":" ","740":"<","741":"d","742":"i","743":"v","744":"\\","745":"n","746":" ","747":" ","748":" ","749":" ","750":" ","751":" ","752":" ","753":" ","754":"c","755":"l","756":"a","757":"s","758":"s","759":"=","760":"\\","761":"\"","762":"f","763":"l","764":"e","765":"x","766":" ","767":"f","768":"l","769":"e","770":"x","771":"-","772":"n","773":"o","774":"w","775":"r","776":"a","777":"p","778":" ","779":"h","780":"-","781":"f","782":"u","783":"l","784":"l","785":" ","786":"p","787":"x","788":"-","789":"8","790":" ","791":"m","792":"x","793":"-","794":"a","795":"u","796":"t","797":"o","798":" ","799":"b","800":"o","801":"r","802":"d","803":"e","804":"r","805":"-","806":"b","807":" ","808":"b","809":"o","810":"r","811":"d","812":"e","813":"r","814":"-","815":"s","816":"o","817":"l","818":"i","819":"d","820":" ","821":"b","822":"o","823":"r","824":"d","825":"e","826":"r","827":"-","828":"b","829":"r","830":"a","831":"n","832":"d","833":"-","834":"g","835":"r","836":"a","837":"y","838":"-","839":"1","840":"\\","841":"\"","842":"\\","843":"n","844":" ","845":" ","846":" ","847":" ","848":" ","849":" ","850":">","851":"\\","852":"n","853":" ","854":" ","855":" ","856":" ","857":" ","858":" ","859":" ","860":" ","861":"<","862":"a","863":" ","864":":","865":"h","866":"r","867":"e","868":"f","869":"=","870":"\\","871":"\"","872":"w","873":"e","874":"b","875":"s","876":"i","877":"t","878":"e","879":"\\","880":"\"","881":" ","882":"c","883":"l","884":"a","885":"s","886":"s","887":"=","888":"\\","889":"\"","890":"f","891":"l","892":"e","893":"x","894":" ","895":"i","896":"t","897":"e","898":"m","899":"s","900":"-","901":"c","902":"e","903":"n","904":"t","905":"e","906":"r","907":" ","908":"h","909":"-","910":"f","911":"u","912":"l","913":"l","914":" ","915":"t","916":"e","917":"x","918":"t","919":"-","920":"x","921":"l","922":"\\","923":"\"","924":">","925":"{","926":"{","927":"\\","928":"n","929":" ","930":" ","931":" ","932":" ","933":" ","934":" ","935":" ","936":" ","937":" ","938":" ","939":"c","940":"o","941":"m","942":"p","943":"a","944":"n","945":"y","946":"\\","947":"n","948":" ","949":" ","950":" ","951":" ","952":" ","953":" ","954":" ","955":" ","956":"}","957":"}","958":"<","959":"/","960":"a","961":">","962":"\\","963":"n","964":"\\","965":"n","966":" ","967":" ","968":" ","969":" ","970":" ","971":" ","972":" ","973":" ","974":"<","975":"n","976":"a","977":"v","978":" ","979":"c","980":"l","981":"a","982":"s","983":"s","984":"=","985":"\\","986":"\"","987":"h","988":"-","989":"f","990":"u","991":"l","992":"l","993":" ","994":"m","995":"l","996":"-","997":"1","998":"2","999":"\\","1000":"\"","1001":">","1002":"\\","1003":"n","1004":" ","1005":" ","1006":" ","1007":" ","1008":" ","1009":" ","1010":" ","1011":" ","1012":" ","1013":" ","1014":"<","1015":"u","1016":"l","1017":" ","1018":"c","1019":"l","1020":"a","1021":"s","1022":"s","1023":"=","1024":"\\","1025":"\"","1026":"f","1027":"l","1028":"e","1029":"x","1030":" ","1031":"h","1032":"-","1033":"f","1034":"u","1035":"l","1036":"l","1037":" ","1038":"p","1039":"-","1040":"0","1041":" ","1042":"m","1043":"-","1044":"0","1045":" ","1046":"l","1047":"i","1048":"s","1049":"t","1050":"-","1051":"n","1052":"o","1053":"n","1054":"e","1055":"\\","1056":"\"","1057":">","1058":"\\","1059":"n","1060":" ","1061":" ","1062":" ","1063":" ","1064":" ","1065":" ","1066":" ","1067":" ","1068":" ","1069":" ","1070":" ","1071":" ","1072":"<","1073":"l","1074":"i","1075":"\\","1076":"n","1077":" ","1078":" ","1079":" ","1080":" ","1081":" ","1082":" ","1083":" ","1084":" ","1085":" ","1086":" ","1087":" ","1088":" ","1089":" ","1090":" ","1091":"d","1092":"a","1093":"t","1094":"a","1095":"-","1096":"t","1097":"e","1098":"s","1099":"t","1100":"=","1101":"\\","1102":"\"","1103":"m","1104":"a","1105":"i","1106":"n","1107":"-","1108":"n","1109":"a","1110":"v","1111":"-","1112":"l","1113":"i","1114":"s","1115":"t","1116":"-","1117":"i","1118":"t","1119":"e","1120":"m","1121":"\\","1122":"\"","1123":"\\","1124":"n","1125":" ","1126":" ","1127":" ","1128":" ","1129":" ","1130":" ","1131":" ","1132":" ","1133":" ","1134":" ","1135":" ","1136":" ","1137":" ","1138":" ","1139":"v","1140":"-","1141":"f","1142":"o","1143":"r","1144":"=","1145":"\\","1146":"\"","1147":"(","1148":"m","1149":"e","1150":"n","1151":"u","1152":"I","1153":"t","1154":"e","1155":"m","1156":",","1157":" ","1158":"i","1159":"n","1160":"d","1161":"e","1162":"x","1163":")","1164":" ","1165":"i","1166":"n","1167":" ","1168":"m","1169":"e","1170":"n","1171":"u","1172":"I","1173":"t","1174":"e","1175":"m","1176":"s","1177":"\\","1178":"\"","1179":"\\","1180":"n","1181":" ","1182":" ","1183":" ","1184":" ","1185":" ","1186":" ","1187":" ","1188":" ","1189":" ","1190":" ","1191":" ","1192":" ","1193":" ","1194":" ","1195":":","1196":"k","1197":"e","1198":"y","1199":"=","1200":"\\","1201":"\"","1202":"i","1203":"n","1204":"d","1205":"e","1206":"x","1207":"\\","1208":"\"","1209":"\\","1210":"n","1211":" ","1212":" ","1213":" ","1214":" ","1215":" ","1216":" ","1217":" ","1218":" ","1219":" ","1220":" ","1221":" ","1222":" ","1223":" ","1224":" ","1225":"c","1226":"l","1227":"a","1228":"s","1229":"s","1230":"=","1231":"\\","1232":"\"","1233":"f","1234":"l","1235":"e","1236":"x","1237":" ","1238":"i","1239":"t","1240":"e","1241":"m","1242":"s","1243":"-","1244":"c","1245":"e","1246":"n","1247":"t","1248":"e","1249":"r","1250":" ","1251":"h","1252":"-","1253":"f","1254":"u","1255":"l","1256":"l","1257":" ","1258":"p","1259":"y","1260":"-","1261":"2","1262":".","1263":"5","1264":" ","1265":"m","1266":"l","1267":"-","1268":"9","1269":" ","1270":"f","1271":"i","1272":"r","1273":"s","1274":"t","1275":":","1276":"m","1277":"l","1278":"-","1279":"0","1280":"\\","1281":"\"","1282":"\\","1283":"n","1284":" ","1285":" ","1286":" ","1287":" ","1288":" ","1289":" ","1290":" ","1291":" ","1292":" ","1293":" ","1294":" ","1295":" ","1296":">","1297":"\\","1298":"n","1299":" ","1300":" ","1301":" ","1302":" ","1303":" ","1304":" ","1305":" ","1306":" ","1307":" ","1308":" ","1309":" ","1310":" ","1311":" ","1312":" ","1313":"{","1314":"{","1315":" ","1316":"m","1317":"e","1318":"n","1319":"u","1320":"I","1321":"t","1322":"e","1323":"m","1324":" ","1325":"}","1326":"}","1327":"\\","1328":"n","1329":" ","1330":" ","1331":" ","1332":" ","1333":" ","1334":" ","1335":" ","1336":" ","1337":" ","1338":" ","1339":" ","1340":" ","1341":"<","1342":"/","1343":"l","1344":"i","1345":">","1346":"\\","1347":"n","1348":" ","1349":" ","1350":" ","1351":" ","1352":" ","1353":" ","1354":" ","1355":" ","1356":" ","1357":" ","1358":"<","1359":"/","1360":"u","1361":"l","1362":">","1363":"\\","1364":"n","1365":" ","1366":" ","1367":" ","1368":" ","1369":" ","1370":" ","1371":" ","1372":" ","1373":"<","1374":"/","1375":"n","1376":"a","1377":"v","1378":">","1379":"\\","1380":"n","1381":" ","1382":" ","1383":" ","1384":" ","1385":" ","1386":" ","1387":" ","1388":" ","1389":"<","1390":"d","1391":"i","1392":"v","1393":" ","1394":"c","1395":"l","1396":"a","1397":"s","1398":"s","1399":"=","1400":"\\","1401":"\"","1402":"f","1403":"l","1404":"e","1405":"x","1406":" ","1407":"i","1408":"t","1409":"e","1410":"m","1411":"s","1412":"-","1413":"c","1414":"e","1415":"n","1416":"t","1417":"e","1418":"r","1419":" ","1420":"h","1421":"-","1422":"f","1423":"u","1424":"l","1425":"l","1426":" ","1427":"m","1428":"l","1429":"-","1430":"a","1431":"u","1432":"t","1433":"o","1434":"\\","1435":"\"","1436":">","1437":"\\","1438":"n","1439":" ","1440":" ","1441":" ","1442":" ","1443":" ","1444":" ","1445":" ","1446":" ","1447":" ","1448":" ","1449":"<","1450":"P","1451":"r","1452":"o","1453":"f","1454":"i","1455":"l","1456":"e","1457":"I","1458":"m","1459":"a","1460":"g","1461":"e","1462":"\\","1463":"n","1464":" ","1465":" ","1466":" ","1467":" ","1468":" ","1469":" ","1470":" ","1471":" ","1472":" ","1473":" ","1474":" ","1475":" ","1476":"d","1477":"a","1478":"t","1479":"a","1480":"-","1481":"t","1482":"e","1483":"s","1484":"t","1485":"=","1486":"\\","1487":"\"","1488":"p","1489":"r","1490":"o","1491":"f","1492":"i","1493":"l","1494":"e","1495":"-","1496":"i","1497":"m","1498":"a","1499":"g","1500":"e","1501":"\\","1502":"\"","1503":"\\","1504":"n","1505":" ","1506":" ","1507":" ","1508":" ","1509":" ","1510":" ","1511":" ","1512":" ","1513":" ","1514":" ","1515":" ","1516":" ","1517":"v","1518":"-","1519":"i","1520":"f","1521":"=","1522":"\\","1523":"\"","1524":"i","1525":"s","1526":"L","1527":"o","1528":"g","1529":"g","1530":"e","1531":"d","1532":"I","1533":"n","1534":"\\","1535":"\"","1536":"\\","1537":"n","1538":" ","1539":" ","1540":" ","1541":" ","1542":" ","1543":" ","1544":" ","1545":" ","1546":" ","1547":" ","1548":" ","1549":" ","1550":"@","1551":"c","1552":"l","1553":"i","1554":"c","1555":"k","1556":"=","1557":"\\","1558":"\"","1559":"l","1560":"o","1561":"g","1562":"o","1563":"u","1564":"t","1565":"U","1566":"s","1567":"e","1568":"r","1569":"\\","1570":"\"","1571":"\\","1572":"n","1573":" ","1574":" ","1575":" ","1576":" ","1577":" ","1578":" ","1579":" ","1580":" ","1581":" ","1582":" ","1583":"/","1584":">","1585":"\\","1586":"n","1587":" ","1588":" ","1589":" ","1590":" ","1591":" ","1592":" ","1593":" ","1594":" ","1595":" ","1596":" ","1597":"<","1598":"A","1599":"c","1600":"t","1601":"i","1602":"o","1603":"n","1604":"B","1605":"u","1606":"t","1607":"t","1608":"o","1609":"n","1610":" ","1611":"d","1612":"a","1613":"t","1614":"a","1615":"-","1616":"t","1617":"e","1618":"s","1619":"t","1620":"=","1621":"\\","1622":"\"","1623":"l","1624":"o","1625":"g","1626":"i","1627":"n","1628":"-","1629":"b","1630":"u","1631":"t","1632":"t","1633":"o","1634":"n","1635":"\\","1636":"\"","1637":" ","1638":"v","1639":"-","1640":"e","1641":"l","1642":"s","1643":"e","1644":" ","1645":"@","1646":"c","1647":"l","1648":"i","1649":"c","1650":"k","1651":"=","1652":"\\","1653":"\"","1654":"l","1655":"o","1656":"g","1657":"i","1658":"n","1659":"U","1660":"s","1661":"e","1662":"r","1663":"\\","1664":"\"","1665":" ","1666":"/","1667":">","1668":"\\","1669":"n","1670":" ","1671":" ","1672":" ","1673":" ","1674":" ","1675":" ","1676":" ","1677":" ","1678":"<","1679":"/","1680":"d","1681":"i","1682":"v","1683":">","1684":"\\","1685":"n","1686":" ","1687":" ","1688":" ","1689":" ","1690":" ","1691":" ","1692":"<","1693":"/","1694":"d","1695":"i","1696":"v","1697":">","1698":"\\","1699":"n","1700":" ","1701":" ","1702":" ","1703":" ","1704":"<","1705":"/","1706":"d","1707":"i","1708":"v","1709":">","1710":"\\","1711":"n","1712":" ","1713":" ","1714":"<","1715":"/","1716":"h","1717":"e","1718":"a","1719":"d","1720":"e","1721":"r","1722":">","1723":"\\","1724":"n","1725":"<","1726":"/","1727":"t","1728":"e","1729":"m","1730":"p","1731":"l","1732":"a","1733":"t","1734":"e","1735":">","1736":"\\","1737":"n","1738":"\\","1739":"n","1740":"<","1741":"s","1742":"c","1743":"r","1744":"i","1745":"p","1746":"t","1747":" ","1748":"l","1749":"a","1750":"n","1751":"g","1752":"=","1753":"\\","1754":"\"","1755":"t","1756":"s","1757":"\\","1758":"\"","1759":">","1760":"\\","1761":"n","1762":"i","1763":"m","1764":"p","1765":"o","1766":"r","1767":"t","1768":" ","1769":"{","1770":" ","1771":"d","1772":"e","1773":"f","1774":"i","1775":"n","1776":"e","1777":"C","1778":"o","1779":"m","1780":"p","1781":"o","1782":"n","1783":"e","1784":"n","1785":"t","1786":" ","1787":"}","1788":" ","1789":"f","1790":"r","1791":"o","1792":"m","1793":" ","1794":"\\","1795":"\"","1796":"v","1797":"u","1798":"e","1799":"\\","1800":"\"","1801":";","1802":"\\","1803":"n","1804":"i","1805":"m","1806":"p","1807":"o","1808":"r","1809":"t","1810":" ","1811":"A","1812":"c","1813":"t","1814":"i","1815":"o","1816":"n","1817":"B","1818":"u","1819":"t","1820":"t","1821":"o","1822":"n","1823":" ","1824":"f","1825":"r","1826":"o","1827":"m","1828":" ","1829":"\\","1830":"\"","1831":"@","1832":"/","1833":"c","1834":"o","1835":"m","1836":"p","1837":"o","1838":"n","1839":"e","1840":"n","1841":"t","1842":"s","1843":"/","1844":"A","1845":"c","1846":"t","1847":"i","1848":"o","1849":"n","1850":"B","1851":"u","1852":"t","1853":"t","1854":"o","1855":"n","1856":".","1857":"v","1858":"u","1859":"e","1860":"\\","1861":"\"","1862":";","1863":"\\","1864":"n","1865":"i","1866":"m","1867":"p","1868":"o","1869":"r","1870":"t","1871":" ","1872":"P","1873":"r","1874":"o","1875":"f","1876":"i","1877":"l","1878":"e","1879":"I","1880":"m","1881":"a","1882":"g","1883":"e","1884":" ","1885":"f","1886":"r","1887":"o","1888":"m","1889":" ","1890":"\\","1891":"\"","1892":"@","1893":"/","1894":"c","1895":"o","1896":"m","1897":"p","1898":"o","1899":"n","1900":"e","1901":"n","1902":"t","1903":"s","1904":"/","1905":"P","1906":"r","1907":"o","1908":"f","1909":"i","1910":"l","1911":"e","1912":"I","1913":"m","1914":"a","1915":"g","1916":"e","1917":".","1918":"v","1919":"u","1920":"e","1921":"\\","1922":"\"","1923":";","1924":"\\","1925":"n","1926":"\\","1927":"n","1928":"e","1929":"x","1930":"p","1931":"o","1932":"r","1933":"t","1934":" ","1935":"d","1936":"e","1937":"f","1938":"a","1939":"u","1940":"l","1941":"t","1942":" ","1943":"d","1944":"e","1945":"f","1946":"i","1947":"n","1948":"e","1949":"C","1950":"o","1951":"m","1952":"p","1953":"o","1954":"n","1955":"e","1956":"n","1957":"t","1958":"(","1959":"{","1960":"\\","1961":"n","1962":" ","1963":" ","1964":"n","1965":"a","1966":"m","1967":"e","1968":":","1969":" ","1970":"\\","1971":"\"","1972":"M","1973":"a","1974":"i","1975":"n","1976":"N","1977":"a","1978":"v","1979":"i","1980":"g","1981":"a","1982":"t","1983":"i","1984":"o","1985":"n","1986":"\\","1987":"\"","1988":",","1989":"\\","1990":"n","1991":" ","1992":" ","1993":"c","1994":"o","1995":"m","1996":"p","1997":"o","1998":"n","1999":"e","2000":"n","2001":"t","2002":"s","2003":":","2004":" ","2005":"{","2006":"\\","2007":"n","2008":" ","2009":" ","2010":" ","2011":" ","2012":"A","2013":"c","2014":"t","2015":"i","2016":"o","2017":"n","2018":"B","2019":"u","2020":"t","2021":"t","2022":"o","2023":"n","2024":",","2025":"\\","2026":"n","2027":" ","2028":" ","2029":" ","2030":" ","2031":"P","2032":"r","2033":"o","2034":"f","2035":"i","2036":"l","2037":"e","2038":"I","2039":"m","2040":"a","2041":"g","2042":"e","2043":",","2044":"\\","2045":"n","2046":" ","2047":" ","2048":"}","2049":",","2050":"\\","2051":"n","2052":" ","2053":" ","2054":"d","2055":"a","2056":"t","2057":"a","2058":"(","2059":")","2060":" ","2061":"{","2062":"\\","2063":"n","2064":" ","2065":" ","2066":" ","2067":" ","2068":"r","2069":"e","2070":"t","2071":"u","2072":"r","2073":"n","2074":" ","2075":"{","2076":"\\","2077":"n","2078":" ","2079":" ","2080":" ","2081":" ","2082":" ","2083":" ","2084":"c","2085":"o","2086":"m","2087":"p","2088":"a","2089":"n","2090":"y","2091":":","2092":" ","2093":"\\","2094":"\"","2095":"V","2096":"i","2097":"e","2098":"w","2099":"t","2100":"y","2101":"\\","2102":"\"","2103":",","2104":"\\","2105":"n","2106":" ","2107":" ","2108":" ","2109":" ","2110":" ","2111":" ","2112":"w","2113":"e","2114":"b","2115":"s","2116":"i","2117":"t","2118":"e","2119":":","2120":" ","2121":"\\","2122":"\"","2123":"h","2124":"t","2125":"t","2126":"p","2127":"s","2128":":","2129":"/","2130":"/","2131":"w","2132":"w","2133":"w","2134":".","2135":"b","2136":"r","2137":"e","2138":"i","2139":"t","2140":"b","2141":"a","2142":"r","2143":"t","2144":".","2145":"c","2146":"o","2147":"m","2148":"/","2149":"j","2150":"o","2151":"b","2152":"s","2153":"/","2154":"\\","2155":"\"","2156":",","2157":"\\","2158":"n","2159":" ","2160":" ","2161":" ","2162":" ","2163":" ","2164":" ","2165":"i","2166":"s","2167":"L","2168":"o","2169":"g","2170":"g","2171":"e","2172":"d","2173":"I","2174":"n","2175":":","2176":" ","2177":"f","2178":"a","2179":"l","2180":"s","2181":"e","2182":",","2183":"\\","2184":"n","2185":" ","2186":" ","2187":" ","2188":" ","2189":" ","2190":" ","2191":"m","2192":"e","2193":"n","2194":"u","2195":"I","2196":"t","2197":"e","2198":"m","2199":"s","2200":":","2201":" ","2202":"[","2203":"\\","2204":"n","2205":" ","2206":" ","2207":" ","2208":" ","2209":" ","2210":" ","2211":" ","2212":" ","2213":"\\","2214":"\"","2215":"T","2216":"e","2217":"a","2218":"m","2219":"s","2220":"\\","2221":"\"","2222":",","2223":"\\","2224":"n","2225":" ","2226":" ","2227":" ","2228":" ","2229":" ","2230":" ","2231":" ","2232":" ","2233":"\\","2234":"\"","2235":"L","2236":"o","2237":"c","2238":"a","2239":"t","2240":"i","2241":"o","2242":"n","2243":"s","2244":"\\","2245":"\"","2246":",","2247":"\\","2248":"n","2249":" ","2250":" ","2251":" ","2252":" ","2253":" ","2254":" ","2255":" ","2256":" ","2257":"\\","2258":"\"","2259":"L","2260":"i","2261":"f","2262":"e","2263":" ","2264":"A","2265":"t","2266":" ","2267":"V","2268":"i","2269":"e","2270":"w","2271":"t","2272":"y","2273":"\\","2274":"\"","2275":",","2276":"\\","2277":"n","2278":" ","2279":" ","2280":" ","2281":" ","2282":" ","2283":" ","2284":" ","2285":" ","2286":"\\","2287":"\"","2288":"H","2289":"o","2290":"w","2291":" ","2292":"W","2293":"e","2294":" ","2295":"H","2296":"i","2297":"r","2298":"e","2299":"\\","2300":"\"","2301":",","2302":"\\","2303":"n","2304":" ","2305":" ","2306":" ","2307":" ","2308":" ","2309":" ","2310":" ","2311":" ","2312":"\\","2313":"\"","2314":"S","2315":"t","2316":"u","2317":"d","2318":"e","2319":"n","2320":"t","2321":"s","2322":"\\","2323":"\"","2324":",","2325":"\\","2326":"n","2327":" ","2328":" ","2329":" ","2330":" ","2331":" ","2332":" ","2333":" ","2334":" ","2335":"\\","2336":"\"","2337":"J","2338":"o","2339":"b","2340":"s","2341":"\\","2342":"\"","2343":",","2344":"\\","2345":"n","2346":" ","2347":" ","2348":" ","2349":" ","2350":" ","2351":" ","2352":"]","2353":",","2354":"\\","2355":"n","2356":" ","2357":" ","2358":" ","2359":" ","2360":"}","2361":";","2362":"\\","2363":"n","2364":" ","2365":" ","2366":"}","2367":",","2368":"\\","2369":"n","2370":" ","2371":" ","2372":"m","2373":"e","2374":"t","2375":"h","2376":"o","2377":"d","2378":"s","2379":":","2380":" ","2381":"{","2382":"\\","2383":"n","2384":" ","2385":" ","2386":" ","2387":" ","2388":"l","2389":"o","2390":"g","2391":"i","2392":"n","2393":"U","2394":"s","2395":"e","2396":"r","2397":"(","2398":")","2399":" ","2400":"{","2401":"\\","2402":"n","2403":" ","2404":" ","2405":" ","2406":" ","2407":" ","2408":" ","2409":"t","2410":"h","2411":"i","2412":"s","2413":".","2414":"i","2415":"s","2416":"L","2417":"o","2418":"g","2419":"g","2420":"e","2421":"d","2422":"I","2423":"n","2424":" ","2425":"=","2426":" ","2427":"t","2428":"r","2429":"u","2430":"e","2431":";","2432":"\\","2433":"n","2434":" ","2435":" ","2436":" ","2437":" ","2438":"}","2439":",","2440":"\\","2441":"n","2442":" ","2443":" ","2444":" ","2445":" ","2446":"l","2447":"o","2448":"g","2449":"o","2450":"u","2451":"t","2452":"U","2453":"s","2454":"e","2455":"r","2456":"(","2457":")","2458":" ","2459":"{","2460":"\\","2461":"n","2462":" ","2463":" ","2464":" ","2465":" ","2466":" ","2467":" ","2468":"t","2469":"h","2470":"i","2471":"s","2472":".","2473":"i","2474":"s","2475":"L","2476":"o","2477":"g","2478":"g","2479":"e","2480":"d","2481":"I","2482":"n","2483":" ","2484":"=","2485":" ","2486":"f","2487":"a","2488":"l","2489":"s","2490":"e","2491":";","2492":"\\","2493":"n","2494":" ","2495":" ","2496":" ","2497":" ","2498":"}","2499":",","2500":"\\","2501":"n","2502":" ","2503":" ","2504":"}","2505":",","2506":"\\","2507":"n","2508":"}","2509":")","2510":";","2511":"\\","2512":"n","2513":"<","2514":"/","2515":"s","2516":"c","2517":"r","2518":"i","2519":"p","2520":"t","2521":">","2522":"\\","2523":"n","2524":"\"","2525":"]","2526":"}"},"_coverageSchema":"1a1c01bbd47fc00a2c39e90264f33305004495a9","hash":"1dec0acb05e700184e512fbf0379d7c4d02a0599"}
,"/Users/jnap/Projects/Web/viewty/src/components/ProfileImage.vue": {"path":"/Users/jnap/Projects/Web/viewty/src/components/ProfileImage.vue","statementMap":{"0":{"start":{"line":3,"column":0},"end":{"line":5,"column":3}},"1":{"start":{"line":6,"column":0},"end":{"line":13,"column":2}},"2":{"start":{"line":9,"column":4},"end":{"line":11,"column":6}},"3":{"start":{"line":14,"column":0},"end":{"line":14,"column":13}},"4":{"start":{"line":15,"column":0},"end":{"line":15,"column":62}},"5":{"start":{"line":16,"column":0},"end":{"line":16,"column":24}},"6":{"start":{"line":17,"column":12},"end":{"line":17,"column":26}},"7":{"start":{"line":18,"column":17},"end":{"line":18,"column":24}},"8":{"start":{"line":20,"column":4},"end":{"line":23,"column":41}},"9":{"start":{"line":25,"column":0},"end":{"line":25,"column":24}},"10":{"start":{"line":26,"column":1},"end":{"line":26,"column":48}}},"fnMap":{"0":{"name":"(anonymous_0)","decl":{"start":{"line":8,"column":8},"end":{"line":8,"column":9}},"loc":{"start":{"line":8,"column":20},"end":{"line":12,"column":3}},"line":8},"1":{"name":"render","decl":{"start":{"line":19,"column":9},"end":{"line":19,"column":15}},"loc":{"start":{"line":19,"column":30},"end":{"line":24,"column":1}},"line":19}},"branchMap":{},"s":{"0":1,"1":1,"2":1,"3":1,"4":1,"5":1,"6":1,"7":1,"8":1,"9":1,"10":1},"f":{"0":1,"1":1},"b":{},"inputSourceMap":{"0":"{","1":"\"","2":"v","3":"e","4":"r","5":"s","6":"i","7":"o","8":"n","9":"\"","10":":","11":"3","12":",","13":"\"","14":"s","15":"o","16":"u","17":"r","18":"c","19":"e","20":"s","21":"\"","22":":","23":"[","24":"\"","25":"/","26":"U","27":"s","28":"e","29":"r","30":"s","31":"/","32":"j","33":"n","34":"a","35":"p","36":"/","37":"P","38":"r","39":"o","40":"j","41":"e","42":"c","43":"t","44":"s","45":"/","46":"W","47":"e","48":"b","49":"/","50":"v","51":"i","52":"e","53":"w","54":"t","55":"y","56":"/","57":"s","58":"r","59":"c","60":"/","61":"c","62":"o","63":"m","64":"p","65":"o","66":"n","67":"e","68":"n","69":"t","70":"s","71":"/","72":"P","73":"r","74":"o","75":"f","76":"i","77":"l","78":"e","79":"I","80":"m","81":"a","82":"g","83":"e","84":".","85":"v","86":"u","87":"e","88":"\"","89":"]","90":",","91":"\"","92":"n","93":"a","94":"m","95":"e","96":"s","97":"\"","98":":","99":"[","100":"]","101":",","102":"\"","103":"m","104":"a","105":"p","106":"p","107":"i","108":"n","109":"g","110":"s","111":"\"","112":":","113":"\"","114":";","115":";","116":";","117":";","118":";","119":"A","120":"A","121":"K","122":"A","123":",","124":"k","125":"B","126":"A","127":"A","128":"e","129":";","130":"E","131":"A","132":"C","133":"b","134":",","135":"I","136":"A","137":"A","138":"I","139":",","140":"E","141":"A","142":"A","143":"E","144":",","145":"c","146":"A","147":"A","148":"c","149":";","150":"E","151":"A","152":"C","153":"p","154":"B","155":",","156":"I","157":"A","158":"A","159":"I","160":";","161":"I","162":"A","163":"C","164":"F","165":",","166":"O","167":"A","168":"A","169":"O","170":";","171":"M","172":"A","173":"C","174":"L","175":",","176":"W","177":"A","178":"A","179":"W","180":",","181":"E","182":"A","183":"C","184":"T","185":";","186":"K","187":"A","188":"C","189":"H","190":";","191":"E","192":"A","193":"C","194":"H","195":";","196":"C","197":"A","198":"C","199":"D","200":"\"","201":",","202":"\"","203":"f","204":"i","205":"l","206":"e","207":"\"","208":":","209":"\"","210":"/","211":"U","212":"s","213":"e","214":"r","215":"s","216":"/","217":"j","218":"n","219":"a","220":"p","221":"/","222":"P","223":"r","224":"o","225":"j","226":"e","227":"c","228":"t","229":"s","230":"/","231":"W","232":"e","233":"b","234":"/","235":"v","236":"i","237":"e","238":"w","239":"t","240":"y","241":"/","242":"s","243":"r","244":"c","245":"/","246":"c","247":"o","248":"m","249":"p","250":"o","251":"n","252":"e","253":"n","254":"t","255":"s","256":"/","257":"P","258":"r","259":"o","260":"f","261":"i","262":"l","263":"e","264":"I","265":"m","266":"a","267":"g","268":"e","269":".","270":"v","271":"u","272":"e","273":"\"","274":",","275":"\"","276":"s","277":"o","278":"u","279":"r","280":"c","281":"e","282":"s","283":"C","284":"o","285":"n","286":"t","287":"e","288":"n","289":"t","290":"\"","291":":","292":"[","293":"\"","294":"<","295":"t","296":"e","297":"m","298":"p","299":"l","300":"a","301":"t","302":"e","303":">","304":"\\","305":"n","306":" ","307":" ","308":"<","309":"i","310":"m","311":"g","312":" ","313":"c","314":"l","315":"a","316":"s","317":"s","318":"=","319":"\\","320":"\"","321":"w","322":"-","323":"8","324":" ","325":"h","326":"-","327":"8","328":" ","329":"o","330":"b","331":"j","332":"e","333":"c","334":"t","335":"-","336":"c","337":"o","338":"n","339":"t","340":"a","341":"i","342":"n","343":" ","344":"r","345":"o","346":"u","347":"n","348":"d","349":"e","350":"d","351":"-","352":"3","353":"x","354":"l","355":"\\","356":"\"","357":" ","358":":","359":"s","360":"r","361":"c","362":"=","363":"\\","364":"\"","365":"i","366":"m","367":"a","368":"g","369":"e","370":"S","371":"o","372":"u","373":"r","374":"c","375":"e","376":"\\","377":"\"","378":" ","379":"/","380":">","381":"\\","382":"n","383":"<","384":"/","385":"t","386":"e","387":"m","388":"p","389":"l","390":"a","391":"t","392":"e","393":">","394":"\\","395":"n","396":"\\","397":"n","398":"<","399":"s","400":"c","401":"r","402":"i","403":"p","404":"t","405":" ","406":"l","407":"a","408":"n","409":"g","410":"=","411":"\\","412":"\"","413":"t","414":"s","415":"\\","416":"\"","417":">","418":"\\","419":"n","420":"e","421":"x","422":"p","423":"o","424":"r","425":"t","426":" ","427":"d","428":"e","429":"f","430":"a","431":"u","432":"l","433":"t","434":" ","435":"{","436":"\\","437":"n","438":" ","439":" ","440":"n","441":"a","442":"m","443":"e","444":":","445":" ","446":"\\","447":"\"","448":"P","449":"r","450":"o","451":"f","452":"i","453":"l","454":"e","455":"I","456":"m","457":"a","458":"g","459":"e","460":"\\","461":"\"","462":",","463":"\\","464":"n","465":" ","466":" ","467":"d","468":"a","469":"t","470":"a","471":"(","472":")","473":" ","474":"{","475":"\\","476":"n","477":" ","478":" ","479":" ","480":" ","481":"r","482":"e","483":"t","484":"u","485":"r","486":"n","487":" ","488":"{","489":"\\","490":"n","491":" ","492":" ","493":" ","494":" ","495":" ","496":" ","497":"i","498":"m","499":"a","500":"g","501":"e","502":"S","503":"o","504":"u","505":"r","506":"c","507":"e","508":":","509":"\\","510":"n","511":" ","512":" ","513":" ","514":" ","515":" ","516":" ","517":" ","518":" ","519":"\\","520":"\"","521":"h","522":"t","523":"t","524":"p","525":"s","526":":","527":"/","528":"/","529":"w","530":"w","531":"w","532":".","533":"p","534":"n","535":"g","536":"i","537":"t","538":"e","539":"m","540":".","541":"c","542":"o","543":"m","544":"/","545":"m","546":"i","547":"d","548":"d","549":"l","550":"e","551":"/","552":"h","553":"m","554":"R","555":"T","556":"m","557":"J","558":"i","559":"_","560":"r","561":"e","562":"d","563":"-","564":"d","565":"e","566":"v","567":"i","568":"l","569":"-","570":"p","571":"i","572":"r","573":"a","574":"t","575":"e","576":"s","577":"-","578":"r","579":"o","580":"b","581":"l","582":"o","583":"x","584":"-","585":"b","586":"l","587":"o","588":"x","589":"-","590":"p","591":"i","592":"e","593":"c","594":"e","595":"-","596":"l","597":"o","598":"g","599":"o","600":"-","601":"h","602":"d","603":"/","604":"\\","605":"\"","606":",","607":"\\","608":"n","609":" ","610":" ","611":" ","612":" ","613":"}","614":";","615":"\\","616":"n","617":" ","618":" ","619":"}","620":",","621":"\\","622":"n","623":"}","624":";","625":"\\","626":"n","627":"<","628":"/","629":"s","630":"c","631":"r","632":"i","633":"p","634":"t","635":">","636":"\\","637":"n","638":"\"","639":"]","640":"}"},"_coverageSchema":"1a1c01bbd47fc00a2c39e90264f33305004495a9","hash":"39f6032cdcd8f7c74307129561cd77bd9a708518"}
}
