TN:
SF:src/components/ActionButton.vue
FN:10,(anonymous_0)
FN:27,render
FN:31,(anonymous_2)
FNF:3
FNH:3
FNDA:1,(anonymous_0)
FNDA:4,render
FNDA:1,(anonymous_2)
DA:3,1
DA:6,1
DA:7,1
DA:11,1
DA:23,1
DA:24,1
DA:25,1
DA:26,1
DA:28,4
DA:32,1
DA:33,1
DA:34,1
DA:36,1
DA:41,1
DA:42,1
LF:15
LH:15
BRDA:29,0,0,4
BRDA:29,0,1,4
BRDA:36,1,0,1
BRDA:36,1,1,1
BRF:4
BRH:4
end_of_record
TN:
SF:src/components/MainNavigation.vue
FN:3,(anonymous_0)
FN:20,(anonymous_1)
FN:29,(anonymous_2)
FN:32,(anonymous_3)
FN:48,render
FN:60,(anonymous_5)
FNF:6
FNH:5
FNDA:2,(anonymous_0)
FNDA:4,(anonymous_1)
FNDA:1,(anonymous_2)
FNDA:0,(anonymous_3)
FNDA:5,render
FNDA:30,(anonymous_5)
DA:3,1
DA:4,2
DA:8,1
DA:11,1
DA:12,1
DA:13,1
DA:14,1
DA:21,4
DA:30,1
DA:33,0
DA:37,1
DA:38,1
DA:39,1
DA:40,1
DA:41,1
DA:42,1
DA:43,1
DA:44,1
DA:45,1
DA:46,1
DA:47,1
DA:49,5
DA:50,5
DA:51,5
DA:61,30
DA:86,1
DA:87,1
LF:27
LH:26
BRDA:3,0,0,1
BRDA:3,0,1,1
BRDA:3,0,2,1
BRDA:4,1,0,2
BRDA:4,1,1,0
BRDA:4,2,0,2
BRDA:4,2,1,2
BRDA:70,3,0,1
BRDA:70,3,1,4
BRF:9
BRH:8
end_of_record
TN:
SF:src/components/ProfileImage.vue
FN:8,(anonymous_0)
FN:19,render
FNF:2
FNH:2
FNDA:1,(anonymous_0)
FNDA:1,render
DA:3,1
DA:6,1
DA:9,1
DA:14,1
DA:15,1
DA:16,1
DA:17,1
DA:18,1
DA:20,1
DA:25,1
DA:26,1
LF:11
LH:11
BRF:0
BRH:0
end_of_record
